2013/10/06 23:41:59 [error] [exception.CException] exception 'CException' with message 'The asset "C:\wamp\www\projetcool\protected\extensions\bootstrap\assets" to be published does not exist.' in C:\wamp\www\yii\framework\web\CAssetManager.php:257
Stack trace:
#0 C:\wamp\www\projetcool\protected\extensions\bootstrap\components\TbApi.php(218): CAssetManager->publish('C:\wamp\www\pro...', false, -1, false)
#1 C:\wamp\www\projetcool\protected\extensions\bootstrap\components\TbApi.php(51): TbApi->getAssetsUrl()
#2 C:\wamp\www\projetcool\protected\extensions\bootstrap\components\TbApi.php(92): TbApi->registerCoreCss()
#3 C:\wamp\www\projetcool\protected\extensions\bootstrap\components\TbApi.php(137): TbApi->registerAllCss()
#4 C:\wamp\www\projetcool\protected\views\layouts\main.php(9): TbApi->register()
#5 C:\wamp\www\yii\framework\web\CBaseController.php(126): require('C:\wamp\www\pro...')
#6 C:\wamp\www\yii\framework\web\CBaseController.php(95): CBaseController->renderInternal('C:\wamp\www\pro...', Array, true)
#7 C:\wamp\www\yii\framework\web\widgets\CContentDecorator.php(76): CBaseController->renderFile('C:\wamp\www\pro...', Array, true)
#8 C:\wamp\www\yii\framework\web\widgets\CContentDecorator.php(54): CContentDecorator->decorate('<div id="conten...')
#9 C:\wamp\www\yii\framework\web\widgets\COutputProcessor.php(44): CContentDecorator->processOutput('<div id="conten...')
#10 C:\wamp\www\yii\framework\web\CBaseController.php(206): COutputProcessor->run()
#11 C:\wamp\www\yii\framework\web\CBaseController.php(300): CBaseController->endWidget('CContentDecorat...')
#12 C:\wamp\www\projetcool\protected\views\layouts\column1.php(6): CBaseController->endContent()
#13 C:\wamp\www\yii\framework\web\CBaseController.php(126): require('C:\wamp\www\pro...')
#14 C:\wamp\www\yii\framework\web\CBaseController.php(95): CBaseController->renderInternal('C:\wamp\www\pro...', Array, true)
#15 C:\wamp\www\yii\framework\web\CController.php(784): CBaseController->renderFile('C:\wamp\www\pro...', Array, true)
#16 C:\wamp\www\projetcool\protected\controllers\PublicController.php(9): CController->render('index', Array)
#17 C:\wamp\www\yii\framework\web\actions\CInlineAction.php(49): PublicController->actionIndex()
#18 C:\wamp\www\yii\framework\web\CController.php(308): CInlineAction->runWithParams(Array)
#19 C:\wamp\www\yii\framework\web\CController.php(286): CController->runAction(Object(CInlineAction))
#20 C:\wamp\www\yii\framework\web\CController.php(265): CController->runActionWithFilters(Object(CInlineAction), Array)
#21 C:\wamp\www\yii\framework\web\CWebApplication.php(282): CController->run('index')
#22 C:\wamp\www\yii\framework\web\CWebApplication.php(141): CWebApplication->runController('public/index')
#23 C:\wamp\www\yii\framework\base\CApplication.php(180): CWebApplication->processRequest()
#24 C:\wamp\www\projetcool\index.php(13): CApplication->run()
#25 {main}
REQUEST_URI=/
---
2013/10/06 23:42:35 [error] [exception.CException] exception 'CException' with message 'CAssetManager.basePath "C:\wamp\www\projetcool\assets" is invalid. Please make sure the directory exists and is writable by the Web server process.' in C:\wamp\www\yii\framework\web\CAssetManager.php:138
Stack trace:
#0 C:\wamp\www\yii\framework\web\CAssetManager.php(123): CAssetManager->setBasePath('C:\wamp\www\pro...')
#1 C:\wamp\www\yii\framework\web\CAssetManager.php(217): CAssetManager->getBasePath()
#2 C:\wamp\www\projetcool\protected\extensions\bootstrap\components\TbApi.php(218): CAssetManager->publish('C:\wamp\www\pro...', false, -1, false)
#3 C:\wamp\www\projetcool\protected\extensions\bootstrap\components\TbApi.php(51): TbApi->getAssetsUrl()
#4 C:\wamp\www\projetcool\protected\extensions\bootstrap\components\TbApi.php(92): TbApi->registerCoreCss()
#5 C:\wamp\www\projetcool\protected\extensions\bootstrap\components\TbApi.php(137): TbApi->registerAllCss()
#6 C:\wamp\www\projetcool\protected\views\layouts\main.php(9): TbApi->register()
#7 C:\wamp\www\yii\framework\web\CBaseController.php(126): require('C:\wamp\www\pro...')
#8 C:\wamp\www\yii\framework\web\CBaseController.php(95): CBaseController->renderInternal('C:\wamp\www\pro...', Array, true)
#9 C:\wamp\www\yii\framework\web\widgets\CContentDecorator.php(76): CBaseController->renderFile('C:\wamp\www\pro...', Array, true)
#10 C:\wamp\www\yii\framework\web\widgets\CContentDecorator.php(54): CContentDecorator->decorate('<div id="conten...')
#11 C:\wamp\www\yii\framework\web\widgets\COutputProcessor.php(44): CContentDecorator->processOutput('<div id="conten...')
#12 C:\wamp\www\yii\framework\web\CBaseController.php(206): COutputProcessor->run()
#13 C:\wamp\www\yii\framework\web\CBaseController.php(300): CBaseController->endWidget('CContentDecorat...')
#14 C:\wamp\www\projetcool\protected\views\layouts\column1.php(6): CBaseController->endContent()
#15 C:\wamp\www\yii\framework\web\CBaseController.php(126): require('C:\wamp\www\pro...')
#16 C:\wamp\www\yii\framework\web\CBaseController.php(95): CBaseController->renderInternal('C:\wamp\www\pro...', Array, true)
#17 C:\wamp\www\yii\framework\web\CController.php(784): CBaseController->renderFile('C:\wamp\www\pro...', Array, true)
#18 C:\wamp\www\projetcool\protected\controllers\PublicController.php(9): CController->render('index', Array)
#19 C:\wamp\www\yii\framework\web\actions\CInlineAction.php(49): PublicController->actionIndex()
#20 C:\wamp\www\yii\framework\web\CController.php(308): CInlineAction->runWithParams(Array)
#21 C:\wamp\www\yii\framework\web\CController.php(286): CController->runAction(Object(CInlineAction))
#22 C:\wamp\www\yii\framework\web\CController.php(265): CController->runActionWithFilters(Object(CInlineAction), Array)
#23 C:\wamp\www\yii\framework\web\CWebApplication.php(282): CController->run('index')
#24 C:\wamp\www\yii\framework\web\CWebApplication.php(141): CWebApplication->runController('public/index')
#25 C:\wamp\www\yii\framework\base\CApplication.php(180): CWebApplication->processRequest()
#26 C:\wamp\www\projetcool\index.php(13): CApplication->run()
#27 {main}
REQUEST_URI=/
---
2013/10/06 23:47:51 [error] [exception.CException] exception 'CException' with message 'Property "PublicController.renewAssets" is not defined.' in C:\wamp\www\yii\framework\base\CComponent.php:130
Stack trace:
#0 C:\wamp\www\projetcool\protected\components\Controller.php(27): CComponent->__get('renewAssets')
#1 C:\wamp\www\yii\framework\web\CWebApplication.php(281): Controller->init()
#2 C:\wamp\www\yii\framework\web\CWebApplication.php(141): CWebApplication->runController('public/index')
#3 C:\wamp\www\yii\framework\base\CApplication.php(180): CWebApplication->processRequest()
#4 C:\wamp\www\projetcool\index.php(13): CApplication->run()
#5 {main}
REQUEST_URI=/
---
2013/10/06 23:48:31 [error] [exception.CException] exception 'CException' with message 'The asset "C:\wamp\www\projetcool\protected\assets" to be published does not exist.' in C:\wamp\www\yii\framework\web\CAssetManager.php:257
Stack trace:
#0 C:\wamp\www\projetcool\protected\components\Controller.php(27): CAssetManager->publish('C:\wamp\www\pro...', false, -1, true)
#1 C:\wamp\www\yii\framework\web\CWebApplication.php(281): Controller->init()
#2 C:\wamp\www\yii\framework\web\CWebApplication.php(141): CWebApplication->runController('public/index')
#3 C:\wamp\www\yii\framework\base\CApplication.php(180): CWebApplication->processRequest()
#4 C:\wamp\www\projetcool\index.php(13): CApplication->run()
#5 {main}
REQUEST_URI=/
---
2013/10/06 23:49:21 [error] [exception.CException] exception 'CException' with message 'CAssetManager.basePath "C:\wamp\www\projetcool\assets" is invalid. Please make sure the directory exists and is writable by the Web server process.' in C:\wamp\www\yii\framework\web\CAssetManager.php:138
Stack trace:
#0 C:\wamp\www\yii\framework\web\CAssetManager.php(123): CAssetManager->setBasePath('C:\wamp\www\pro...')
#1 C:\wamp\www\yii\framework\web\CAssetManager.php(217): CAssetManager->getBasePath()
#2 C:\wamp\www\projetcool\protected\components\Controller.php(27): CAssetManager->publish('C:\wamp\www\pro...', false, -1, true)
#3 C:\wamp\www\yii\framework\web\CWebApplication.php(281): Controller->init()
#4 C:\wamp\www\yii\framework\web\CWebApplication.php(141): CWebApplication->runController('public/index')
#5 C:\wamp\www\yii\framework\base\CApplication.php(180): CWebApplication->processRequest()
#6 C:\wamp\www\projetcool\index.php(13): CApplication->run()
#7 {main}
REQUEST_URI=/
---
2013/10/07 00:00:24 [error] [exception.CException] exception 'CException' with message 'The asset "C:\wamp\www\projetcool\protected\assets" to be published does not exist.' in C:\wamp\www\yii\framework\web\CAssetManager.php:257
Stack trace:
#0 C:\wamp\www\projetcool\protected\components\Controller.php(27): CAssetManager->publish('C:\wamp\www\pro...', false, -1, true)
#1 C:\wamp\www\yii\framework\web\CWebApplication.php(281): Controller->init()
#2 C:\wamp\www\yii\framework\web\CWebApplication.php(141): CWebApplication->runController('public/index')
#3 C:\wamp\www\yii\framework\base\CApplication.php(180): CWebApplication->processRequest()
#4 C:\wamp\www\projetcool\index.php(13): CApplication->run()
#5 {main}
REQUEST_URI=/
---
2013/10/07 00:02:14 [error] [exception.CException] exception 'CException' with message 'The asset "C:\wamp\www\projetcool\protected\assets" to be published does not exist.' in C:\wamp\www\yii\framework\web\CAssetManager.php:257
Stack trace:
#0 C:\wamp\www\projetcool\protected\components\Controller.php(27): CAssetManager->publish('C:\wamp\www\pro...', false, -1, true)
#1 C:\wamp\www\yii\framework\web\CWebApplication.php(281): Controller->init()
#2 C:\wamp\www\yii\framework\web\CWebApplication.php(141): CWebApplication->runController('public/index')
#3 C:\wamp\www\yii\framework\base\CApplication.php(180): CWebApplication->processRequest()
#4 C:\wamp\www\projetcool\index.php(13): CApplication->run()
#5 {main}
REQUEST_URI=/
---
2013/10/07 00:04:49 [error] [exception.CException] exception 'CException' with message 'The asset "C:\wamp\www\projetcool\protected\assets" to be published does not exist.' in C:\wamp\www\yii\framework\web\CAssetManager.php:257
Stack trace:
#0 C:\wamp\www\projetcool\protected\components\Controller.php(27): CAssetManager->publish('C:\wamp\www\pro...', false, -1, true)
#1 C:\wamp\www\yii\framework\web\CWebApplication.php(281): Controller->init()
#2 C:\wamp\www\yii\framework\web\CWebApplication.php(141): CWebApplication->runController('public/index')
#3 C:\wamp\www\yii\framework\base\CApplication.php(180): CWebApplication->processRequest()
#4 C:\wamp\www\projetcool\index.php(13): CApplication->run()
#5 {main}
REQUEST_URI=/
---
2013/10/07 00:05:28 [error] [exception.CException] exception 'CException' with message 'CAssetManager.basePath "C:\wamp\www\projetcool\assets" is invalid. Please make sure the directory exists and is writable by the Web server process.' in C:\wamp\www\yii\framework\web\CAssetManager.php:138
Stack trace:
#0 C:\wamp\www\yii\framework\web\CAssetManager.php(123): CAssetManager->setBasePath('C:\wamp\www\pro...')
#1 C:\wamp\www\yii\framework\web\CAssetManager.php(217): CAssetManager->getBasePath()
#2 C:\wamp\www\projetcool\protected\components\Controller.php(27): CAssetManager->publish('C:\wamp\www\pro...', false, -1, true)
#3 C:\wamp\www\yii\framework\web\CWebApplication.php(281): Controller->init()
#4 C:\wamp\www\yii\framework\web\CWebApplication.php(141): CWebApplication->runController('public/index')
#5 C:\wamp\www\yii\framework\base\CApplication.php(180): CWebApplication->processRequest()
#6 C:\wamp\www\projetcool\index.php(13): CApplication->run()
#7 {main}
REQUEST_URI=/
---
2013/10/07 00:22:21 [error] [exception.CHttpException.404] exception 'CHttpException' with message 'Unable to resolve the request "assets/30a1407e/css/yiistrap.css".' in C:\wamp\www\projetcool\yii\framework\web\CWebApplication.php:286
Stack trace:
#0 C:\wamp\www\projetcool\yii\framework\web\CWebApplication.php(141): CWebApplication->runController('assets/30a1407e...')
#1 C:\wamp\www\projetcool\yii\framework\base\CApplication.php(180): CWebApplication->processRequest()
#2 C:\wamp\www\projetcool\bootstrap.php(64): CApplication->run()
#3 C:\wamp\www\public\projetcool\index.php(8): require_once('C:\wamp\www\pro...')
#4 {main}
REQUEST_URI=/assets/30a1407e/css/yiistrap.css
HTTP_REFERER=http://projetcool.local/
---
2013/10/07 00:22:21 [error] [exception.CHttpException.404] exception 'CHttpException' with message 'Unable to resolve the request "assets/30a1407e/css/yiistrap.css".' in C:\wamp\www\projetcool\yii\framework\web\CWebApplication.php:286
Stack trace:
#0 C:\wamp\www\projetcool\yii\framework\web\CWebApplication.php(141): CWebApplication->runController('assets/30a1407e...')
#1 C:\wamp\www\projetcool\yii\framework\base\CApplication.php(180): CWebApplication->processRequest()
#2 C:\wamp\www\projetcool\bootstrap.php(64): CApplication->run()
#3 C:\wamp\www\public\projetcool\index.php(8): require_once('C:\wamp\www\pro...')
#4 {main}
REQUEST_URI=/assets/30a1407e/css/yiistrap.css
HTTP_REFERER=http://projetcool.local/
---
2013/10/07 00:22:21 [error] [exception.CHttpException.404] exception 'CHttpException' with message 'Unable to resolve the request "css/base.css".' in C:\wamp\www\projetcool\yii\framework\web\CWebApplication.php:286
Stack trace:
#0 C:\wamp\www\projetcool\yii\framework\web\CWebApplication.php(141): CWebApplication->runController('css/base.css')
#1 C:\wamp\www\projetcool\yii\framework\base\CApplication.php(180): CWebApplication->processRequest()
#2 C:\wamp\www\projetcool\bootstrap.php(64): CApplication->run()
#3 C:\wamp\www\public\projetcool\index.php(8): require_once('C:\wamp\www\pro...')
#4 {main}
REQUEST_URI=/css/base.css
HTTP_REFERER=http://projetcool.local/
---
2013/10/07 00:22:21 [error] [exception.CHttpException.404] exception 'CHttpException' with message 'Unable to resolve the request "css/base.css".' in C:\wamp\www\projetcool\yii\framework\web\CWebApplication.php:286
Stack trace:
#0 C:\wamp\www\projetcool\yii\framework\web\CWebApplication.php(141): CWebApplication->runController('css/base.css')
#1 C:\wamp\www\projetcool\yii\framework\base\CApplication.php(180): CWebApplication->processRequest()
#2 C:\wamp\www\projetcool\bootstrap.php(64): CApplication->run()
#3 C:\wamp\www\public\projetcool\index.php(8): require_once('C:\wamp\www\pro...')
#4 {main}
REQUEST_URI=/css/base.css
HTTP_REFERER=http://projetcool.local/
---
2013/10/07 00:22:21 [error] [exception.CHttpException.404] exception 'CHttpException' with message 'Unable to resolve the request "assets/30a1407e/css/bootstrap-responsive.css".' in C:\wamp\www\projetcool\yii\framework\web\CWebApplication.php:286
Stack trace:
#0 C:\wamp\www\projetcool\yii\framework\web\CWebApplication.php(141): CWebApplication->runController('assets/30a1407e...')
#1 C:\wamp\www\projetcool\yii\framework\base\CApplication.php(180): CWebApplication->processRequest()
#2 C:\wamp\www\projetcool\bootstrap.php(64): CApplication->run()
#3 C:\wamp\www\public\projetcool\index.php(8): require_once('C:\wamp\www\pro...')
#4 {main}
REQUEST_URI=/assets/30a1407e/css/bootstrap-responsive.css
HTTP_REFERER=http://projetcool.local/
---
2013/10/07 00:22:21 [error] [exception.CHttpException.404] exception 'CHttpException' with message 'Unable to resolve the request "assets/30a1407e/css/bootstrap-responsive.css".' in C:\wamp\www\projetcool\yii\framework\web\CWebApplication.php:286
Stack trace:
#0 C:\wamp\www\projetcool\yii\framework\web\CWebApplication.php(141): CWebApplication->runController('assets/30a1407e...')
#1 C:\wamp\www\projetcool\yii\framework\base\CApplication.php(180): CWebApplication->processRequest()
#2 C:\wamp\www\projetcool\bootstrap.php(64): CApplication->run()
#3 C:\wamp\www\public\projetcool\index.php(8): require_once('C:\wamp\www\pro...')
#4 {main}
REQUEST_URI=/assets/30a1407e/css/bootstrap-responsive.css
HTTP_REFERER=http://projetcool.local/
---
2013/10/07 00:22:21 [error] [exception.CHttpException.404] exception 'CHttpException' with message 'Unable to resolve the request "assets/30a1407e/css/bootstrap.css".' in C:\wamp\www\projetcool\yii\framework\web\CWebApplication.php:286
Stack trace:
#0 C:\wamp\www\projetcool\yii\framework\web\CWebApplication.php(141): CWebApplication->runController('assets/30a1407e...')
#1 C:\wamp\www\projetcool\yii\framework\base\CApplication.php(180): CWebApplication->processRequest()
#2 C:\wamp\www\projetcool\bootstrap.php(64): CApplication->run()
#3 C:\wamp\www\public\projetcool\index.php(8): require_once('C:\wamp\www\pro...')
#4 {main}
REQUEST_URI=/assets/30a1407e/css/bootstrap.css
HTTP_REFERER=http://projetcool.local/
---
2013/10/07 00:22:21 [error] [exception.CHttpException.404] exception 'CHttpException' with message 'Unable to resolve the request "assets/30a1407e/css/bootstrap.css".' in C:\wamp\www\projetcool\yii\framework\web\CWebApplication.php:286
Stack trace:
#0 C:\wamp\www\projetcool\yii\framework\web\CWebApplication.php(141): CWebApplication->runController('assets/30a1407e...')
#1 C:\wamp\www\projetcool\yii\framework\base\CApplication.php(180): CWebApplication->processRequest()
#2 C:\wamp\www\projetcool\bootstrap.php(64): CApplication->run()
#3 C:\wamp\www\public\projetcool\index.php(8): require_once('C:\wamp\www\pro...')
#4 {main}
REQUEST_URI=/assets/30a1407e/css/bootstrap.css
HTTP_REFERER=http://projetcool.local/
---
2013/10/07 00:22:21 [error] [exception.CHttpException.404] exception 'CHttpException' with message 'Unable to resolve the request "assets/30a1407e/js/bootstrap.js".' in C:\wamp\www\projetcool\yii\framework\web\CWebApplication.php:286
Stack trace:
#0 C:\wamp\www\projetcool\yii\framework\web\CWebApplication.php(141): CWebApplication->runController('assets/30a1407e...')
#1 C:\wamp\www\projetcool\yii\framework\base\CApplication.php(180): CWebApplication->processRequest()
#2 C:\wamp\www\projetcool\bootstrap.php(64): CApplication->run()
#3 C:\wamp\www\public\projetcool\index.php(8): require_once('C:\wamp\www\pro...')
#4 {main}
REQUEST_URI=/assets/30a1407e/js/bootstrap.js
HTTP_REFERER=http://projetcool.local/
---
2013/10/07 00:22:21 [error] [exception.CHttpException.404] exception 'CHttpException' with message 'Unable to resolve the request "assets/30a1407e/js/bootstrap.js".' in C:\wamp\www\projetcool\yii\framework\web\CWebApplication.php:286
Stack trace:
#0 C:\wamp\www\projetcool\yii\framework\web\CWebApplication.php(141): CWebApplication->runController('assets/30a1407e...')
#1 C:\wamp\www\projetcool\yii\framework\base\CApplication.php(180): CWebApplication->processRequest()
#2 C:\wamp\www\projetcool\bootstrap.php(64): CApplication->run()
#3 C:\wamp\www\public\projetcool\index.php(8): require_once('C:\wamp\www\pro...')
#4 {main}
REQUEST_URI=/assets/30a1407e/js/bootstrap.js
HTTP_REFERER=http://projetcool.local/
---
2013/10/07 00:22:21 [error] [exception.CHttpException.404] exception 'CHttpException' with message 'Unable to resolve the request "favicon.ico".' in C:\wamp\www\projetcool\yii\framework\web\CWebApplication.php:286
Stack trace:
#0 C:\wamp\www\projetcool\yii\framework\web\CWebApplication.php(141): CWebApplication->runController('favicon.ico')
#1 C:\wamp\www\projetcool\yii\framework\base\CApplication.php(180): CWebApplication->processRequest()
#2 C:\wamp\www\projetcool\bootstrap.php(64): CApplication->run()
#3 C:\wamp\www\public\projetcool\index.php(8): require_once('C:\wamp\www\pro...')
#4 {main}
REQUEST_URI=/favicon.ico
---
2013/10/07 00:22:21 [error] [exception.CHttpException.404] exception 'CHttpException' with message 'Unable to resolve the request "favicon.ico".' in C:\wamp\www\projetcool\yii\framework\web\CWebApplication.php:286
Stack trace:
#0 C:\wamp\www\projetcool\yii\framework\web\CWebApplication.php(141): CWebApplication->runController('favicon.ico')
#1 C:\wamp\www\projetcool\yii\framework\base\CApplication.php(180): CWebApplication->processRequest()
#2 C:\wamp\www\projetcool\bootstrap.php(64): CApplication->run()
#3 C:\wamp\www\public\projetcool\index.php(8): require_once('C:\wamp\www\pro...')
#4 {main}
REQUEST_URI=/favicon.ico
---
2013/10/07 00:23:49 [error] [exception.CHttpException.404] exception 'CHttpException' with message 'Unable to resolve the request "assets/30a1407e/css/bootstrap.css".' in C:\wamp\www\projetcool\yii\framework\web\CWebApplication.php:286
Stack trace:
#0 C:\wamp\www\projetcool\yii\framework\web\CWebApplication.php(141): CWebApplication->runController('assets/30a1407e...')
#1 C:\wamp\www\projetcool\yii\framework\base\CApplication.php(180): CWebApplication->processRequest()
#2 C:\wamp\www\projetcool\bootstrap.php(64): CApplication->run()
#3 C:\wamp\www\public\projetcool\index.php(8): require_once('C:\wamp\www\pro...')
#4 {main}
REQUEST_URI=/assets/30a1407e/css/bootstrap.css
HTTP_REFERER=http://projetcool.local/
---
2013/10/07 00:23:49 [error] [exception.CHttpException.404] exception 'CHttpException' with message 'Unable to resolve the request "css/base.css".' in C:\wamp\www\projetcool\yii\framework\web\CWebApplication.php:286
Stack trace:
#0 C:\wamp\www\projetcool\yii\framework\web\CWebApplication.php(141): CWebApplication->runController('css/base.css')
#1 C:\wamp\www\projetcool\yii\framework\base\CApplication.php(180): CWebApplication->processRequest()
#2 C:\wamp\www\projetcool\bootstrap.php(64): CApplication->run()
#3 C:\wamp\www\public\projetcool\index.php(8): require_once('C:\wamp\www\pro...')
#4 {main}
REQUEST_URI=/css/base.css
HTTP_REFERER=http://projetcool.local/
---
2013/10/07 00:23:49 [error] [exception.CHttpException.404] exception 'CHttpException' with message 'Unable to resolve the request "assets/30a1407e/css/bootstrap.css".' in C:\wamp\www\projetcool\yii\framework\web\CWebApplication.php:286
Stack trace:
#0 C:\wamp\www\projetcool\yii\framework\web\CWebApplication.php(141): CWebApplication->runController('assets/30a1407e...')
#1 C:\wamp\www\projetcool\yii\framework\base\CApplication.php(180): CWebApplication->processRequest()
#2 C:\wamp\www\projetcool\bootstrap.php(64): CApplication->run()
#3 C:\wamp\www\public\projetcool\index.php(8): require_once('C:\wamp\www\pro...')
#4 {main}
REQUEST_URI=/assets/30a1407e/css/bootstrap.css
HTTP_REFERER=http://projetcool.local/
---
2013/10/07 00:23:49 [error] [exception.CHttpException.404] exception 'CHttpException' with message 'Unable to resolve the request "css/base.css".' in C:\wamp\www\projetcool\yii\framework\web\CWebApplication.php:286
Stack trace:
#0 C:\wamp\www\projetcool\yii\framework\web\CWebApplication.php(141): CWebApplication->runController('css/base.css')
#1 C:\wamp\www\projetcool\yii\framework\base\CApplication.php(180): CWebApplication->processRequest()
#2 C:\wamp\www\projetcool\bootstrap.php(64): CApplication->run()
#3 C:\wamp\www\public\projetcool\index.php(8): require_once('C:\wamp\www\pro...')
#4 {main}
REQUEST_URI=/css/base.css
HTTP_REFERER=http://projetcool.local/
---
2013/10/07 00:23:49 [error] [exception.CHttpException.404] exception 'CHttpException' with message 'Unable to resolve the request "assets/30a1407e/css/yiistrap.css".' in C:\wamp\www\projetcool\yii\framework\web\CWebApplication.php:286
Stack trace:
#0 C:\wamp\www\projetcool\yii\framework\web\CWebApplication.php(141): CWebApplication->runController('assets/30a1407e...')
#1 C:\wamp\www\projetcool\yii\framework\base\CApplication.php(180): CWebApplication->processRequest()
#2 C:\wamp\www\projetcool\bootstrap.php(64): CApplication->run()
#3 C:\wamp\www\public\projetcool\index.php(8): require_once('C:\wamp\www\pro...')
#4 {main}
REQUEST_URI=/assets/30a1407e/css/yiistrap.css
HTTP_REFERER=http://projetcool.local/
---
2013/10/07 00:23:49 [error] [exception.CHttpException.404] exception 'CHttpException' with message 'Unable to resolve the request "assets/30a1407e/css/yiistrap.css".' in C:\wamp\www\projetcool\yii\framework\web\CWebApplication.php:286
Stack trace:
#0 C:\wamp\www\projetcool\yii\framework\web\CWebApplication.php(141): CWebApplication->runController('assets/30a1407e...')
#1 C:\wamp\www\projetcool\yii\framework\base\CApplication.php(180): CWebApplication->processRequest()
#2 C:\wamp\www\projetcool\bootstrap.php(64): CApplication->run()
#3 C:\wamp\www\public\projetcool\index.php(8): require_once('C:\wamp\www\pro...')
#4 {main}
REQUEST_URI=/assets/30a1407e/css/yiistrap.css
HTTP_REFERER=http://projetcool.local/
---
2013/10/07 00:23:49 [error] [exception.CHttpException.404] exception 'CHttpException' with message 'Unable to resolve the request "assets/30a1407e/js/bootstrap.js".' in C:\wamp\www\projetcool\yii\framework\web\CWebApplication.php:286
Stack trace:
#0 C:\wamp\www\projetcool\yii\framework\web\CWebApplication.php(141): CWebApplication->runController('assets/30a1407e...')
#1 C:\wamp\www\projetcool\yii\framework\base\CApplication.php(180): CWebApplication->processRequest()
#2 C:\wamp\www\projetcool\bootstrap.php(64): CApplication->run()
#3 C:\wamp\www\public\projetcool\index.php(8): require_once('C:\wamp\www\pro...')
#4 {main}
REQUEST_URI=/assets/30a1407e/js/bootstrap.js
HTTP_REFERER=http://projetcool.local/
---
2013/10/07 00:23:49 [error] [exception.CHttpException.404] exception 'CHttpException' with message 'Unable to resolve the request "assets/30a1407e/css/bootstrap-responsive.css".' in C:\wamp\www\projetcool\yii\framework\web\CWebApplication.php:286
Stack trace:
#0 C:\wamp\www\projetcool\yii\framework\web\CWebApplication.php(141): CWebApplication->runController('assets/30a1407e...')
#1 C:\wamp\www\projetcool\yii\framework\base\CApplication.php(180): CWebApplication->processRequest()
#2 C:\wamp\www\projetcool\bootstrap.php(64): CApplication->run()
#3 C:\wamp\www\public\projetcool\index.php(8): require_once('C:\wamp\www\pro...')
#4 {main}
REQUEST_URI=/assets/30a1407e/css/bootstrap-responsive.css
HTTP_REFERER=http://projetcool.local/
---
2013/10/07 00:23:49 [error] [exception.CHttpException.404] exception 'CHttpException' with message 'Unable to resolve the request "assets/30a1407e/js/bootstrap.js".' in C:\wamp\www\projetcool\yii\framework\web\CWebApplication.php:286
Stack trace:
#0 C:\wamp\www\projetcool\yii\framework\web\CWebApplication.php(141): CWebApplication->runController('assets/30a1407e...')
#1 C:\wamp\www\projetcool\yii\framework\base\CApplication.php(180): CWebApplication->processRequest()
#2 C:\wamp\www\projetcool\bootstrap.php(64): CApplication->run()
#3 C:\wamp\www\public\projetcool\index.php(8): require_once('C:\wamp\www\pro...')
#4 {main}
REQUEST_URI=/assets/30a1407e/js/bootstrap.js
HTTP_REFERER=http://projetcool.local/
---
2013/10/07 00:23:49 [error] [exception.CHttpException.404] exception 'CHttpException' with message 'Unable to resolve the request "assets/30a1407e/css/bootstrap-responsive.css".' in C:\wamp\www\projetcool\yii\framework\web\CWebApplication.php:286
Stack trace:
#0 C:\wamp\www\projetcool\yii\framework\web\CWebApplication.php(141): CWebApplication->runController('assets/30a1407e...')
#1 C:\wamp\www\projetcool\yii\framework\base\CApplication.php(180): CWebApplication->processRequest()
#2 C:\wamp\www\projetcool\bootstrap.php(64): CApplication->run()
#3 C:\wamp\www\public\projetcool\index.php(8): require_once('C:\wamp\www\pro...')
#4 {main}
REQUEST_URI=/assets/30a1407e/css/bootstrap-responsive.css
HTTP_REFERER=http://projetcool.local/
---
2013/10/07 00:25:02 [error] [exception.CHttpException.404] exception 'CHttpException' with message 'Unable to resolve the request "assets/30a1407e/css/yiistrap.css".' in C:\wamp\www\projetcool\yii\framework\web\CWebApplication.php:286
Stack trace:
#0 C:\wamp\www\projetcool\yii\framework\web\CWebApplication.php(141): CWebApplication->runController('assets/30a1407e...')
#1 C:\wamp\www\projetcool\yii\framework\base\CApplication.php(180): CWebApplication->processRequest()
#2 C:\wamp\www\projetcool\bootstrap.php(64): CApplication->run()
#3 C:\wamp\www\public\projetcool\index.php(8): require_once('C:\wamp\www\pro...')
#4 {main}
REQUEST_URI=/assets/30a1407e/css/yiistrap.css
HTTP_REFERER=http://projetcool.local/
---
2013/10/07 00:25:02 [error] [exception.CHttpException.404] exception 'CHttpException' with message 'Unable to resolve the request "assets/30a1407e/css/yiistrap.css".' in C:\wamp\www\projetcool\yii\framework\web\CWebApplication.php:286
Stack trace:
#0 C:\wamp\www\projetcool\yii\framework\web\CWebApplication.php(141): CWebApplication->runController('assets/30a1407e...')
#1 C:\wamp\www\projetcool\yii\framework\base\CApplication.php(180): CWebApplication->processRequest()
#2 C:\wamp\www\projetcool\bootstrap.php(64): CApplication->run()
#3 C:\wamp\www\public\projetcool\index.php(8): require_once('C:\wamp\www\pro...')
#4 {main}
REQUEST_URI=/assets/30a1407e/css/yiistrap.css
HTTP_REFERER=http://projetcool.local/
---
2013/10/07 00:25:02 [error] [exception.CHttpException.404] exception 'CHttpException' with message 'Unable to resolve the request "assets/30a1407e/css/bootstrap-responsive.css".' in C:\wamp\www\projetcool\yii\framework\web\CWebApplication.php:286
Stack trace:
#0 C:\wamp\www\projetcool\yii\framework\web\CWebApplication.php(141): CWebApplication->runController('assets/30a1407e...')
#1 C:\wamp\www\projetcool\yii\framework\base\CApplication.php(180): CWebApplication->processRequest()
#2 C:\wamp\www\projetcool\bootstrap.php(64): CApplication->run()
#3 C:\wamp\www\public\projetcool\index.php(8): require_once('C:\wamp\www\pro...')
#4 {main}
REQUEST_URI=/assets/30a1407e/css/bootstrap-responsive.css
HTTP_REFERER=http://projetcool.local/
---
2013/10/07 00:25:02 [error] [exception.CHttpException.404] exception 'CHttpException' with message 'Unable to resolve the request "assets/30a1407e/css/bootstrap-responsive.css".' in C:\wamp\www\projetcool\yii\framework\web\CWebApplication.php:286
Stack trace:
#0 C:\wamp\www\projetcool\yii\framework\web\CWebApplication.php(141): CWebApplication->runController('assets/30a1407e...')
#1 C:\wamp\www\projetcool\yii\framework\base\CApplication.php(180): CWebApplication->processRequest()
#2 C:\wamp\www\projetcool\bootstrap.php(64): CApplication->run()
#3 C:\wamp\www\public\projetcool\index.php(8): require_once('C:\wamp\www\pro...')
#4 {main}
REQUEST_URI=/assets/30a1407e/css/bootstrap-responsive.css
HTTP_REFERER=http://projetcool.local/
---
2013/10/07 00:25:02 [error] [exception.CHttpException.404] exception 'CHttpException' with message 'Unable to resolve the request "assets/30a1407e/css/bootstrap.css".' in C:\wamp\www\projetcool\yii\framework\web\CWebApplication.php:286
Stack trace:
#0 C:\wamp\www\projetcool\yii\framework\web\CWebApplication.php(141): CWebApplication->runController('assets/30a1407e...')
#1 C:\wamp\www\projetcool\yii\framework\base\CApplication.php(180): CWebApplication->processRequest()
#2 C:\wamp\www\projetcool\bootstrap.php(64): CApplication->run()
#3 C:\wamp\www\public\projetcool\index.php(8): require_once('C:\wamp\www\pro...')
#4 {main}
REQUEST_URI=/assets/30a1407e/css/bootstrap.css
HTTP_REFERER=http://projetcool.local/
---
2013/10/07 00:25:02 [error] [exception.CHttpException.404] exception 'CHttpException' with message 'Unable to resolve the request "assets/30a1407e/css/bootstrap.css".' in C:\wamp\www\projetcool\yii\framework\web\CWebApplication.php:286
Stack trace:
#0 C:\wamp\www\projetcool\yii\framework\web\CWebApplication.php(141): CWebApplication->runController('assets/30a1407e...')
#1 C:\wamp\www\projetcool\yii\framework\base\CApplication.php(180): CWebApplication->processRequest()
#2 C:\wamp\www\projetcool\bootstrap.php(64): CApplication->run()
#3 C:\wamp\www\public\projetcool\index.php(8): require_once('C:\wamp\www\pro...')
#4 {main}
REQUEST_URI=/assets/30a1407e/css/bootstrap.css
HTTP_REFERER=http://projetcool.local/
---
2013/10/07 00:25:02 [error] [exception.CHttpException.404] exception 'CHttpException' with message 'Unable to resolve the request "assets/30a1407e/js/bootstrap.js".' in C:\wamp\www\projetcool\yii\framework\web\CWebApplication.php:286
Stack trace:
#0 C:\wamp\www\projetcool\yii\framework\web\CWebApplication.php(141): CWebApplication->runController('assets/30a1407e...')
#1 C:\wamp\www\projetcool\yii\framework\base\CApplication.php(180): CWebApplication->processRequest()
#2 C:\wamp\www\projetcool\bootstrap.php(64): CApplication->run()
#3 C:\wamp\www\public\projetcool\index.php(8): require_once('C:\wamp\www\pro...')
#4 {main}
REQUEST_URI=/assets/30a1407e/js/bootstrap.js
HTTP_REFERER=http://projetcool.local/
---
2013/10/07 00:25:02 [error] [exception.CHttpException.404] exception 'CHttpException' with message 'Unable to resolve the request "assets/30a1407e/js/bootstrap.js".' in C:\wamp\www\projetcool\yii\framework\web\CWebApplication.php:286
Stack trace:
#0 C:\wamp\www\projetcool\yii\framework\web\CWebApplication.php(141): CWebApplication->runController('assets/30a1407e...')
#1 C:\wamp\www\projetcool\yii\framework\base\CApplication.php(180): CWebApplication->processRequest()
#2 C:\wamp\www\projetcool\bootstrap.php(64): CApplication->run()
#3 C:\wamp\www\public\projetcool\index.php(8): require_once('C:\wamp\www\pro...')
#4 {main}
REQUEST_URI=/assets/30a1407e/js/bootstrap.js
HTTP_REFERER=http://projetcool.local/
---
2013/10/07 00:25:55 [error] [exception.CHttpException.404] exception 'CHttpException' with message 'Unable to resolve the request "assets/30a1407e/css/bootstrap-responsive.css".' in C:\wamp\www\projetcool\yii\framework\web\CWebApplication.php:286
Stack trace:
#0 C:\wamp\www\projetcool\yii\framework\web\CWebApplication.php(141): CWebApplication->runController('assets/30a1407e...')
#1 C:\wamp\www\projetcool\yii\framework\base\CApplication.php(180): CWebApplication->processRequest()
#2 C:\wamp\www\projetcool\bootstrap.php(64): CApplication->run()
#3 C:\wamp\www\public\projetcool\index.php(8): require_once('C:\wamp\www\pro...')
#4 {main}
REQUEST_URI=/assets/30a1407e/css/bootstrap-responsive.css
HTTP_REFERER=http://projetcool.local/
---
2013/10/07 00:25:55 [error] [exception.CHttpException.404] exception 'CHttpException' with message 'Unable to resolve the request "assets/30a1407e/js/bootstrap.js".' in C:\wamp\www\projetcool\yii\framework\web\CWebApplication.php:286
Stack trace:
#0 C:\wamp\www\projetcool\yii\framework\web\CWebApplication.php(141): CWebApplication->runController('assets/30a1407e...')
#1 C:\wamp\www\projetcool\yii\framework\base\CApplication.php(180): CWebApplication->processRequest()
#2 C:\wamp\www\projetcool\bootstrap.php(64): CApplication->run()
#3 C:\wamp\www\public\projetcool\index.php(8): require_once('C:\wamp\www\pro...')
#4 {main}
REQUEST_URI=/assets/30a1407e/js/bootstrap.js
HTTP_REFERER=http://projetcool.local/
---
2013/10/07 00:25:55 [error] [exception.CHttpException.404] exception 'CHttpException' with message 'Unable to resolve the request "assets/30a1407e/css/bootstrap-responsive.css".' in C:\wamp\www\projetcool\yii\framework\web\CWebApplication.php:286
Stack trace:
#0 C:\wamp\www\projetcool\yii\framework\web\CWebApplication.php(141): CWebApplication->runController('assets/30a1407e...')
#1 C:\wamp\www\projetcool\yii\framework\base\CApplication.php(180): CWebApplication->processRequest()
#2 C:\wamp\www\projetcool\bootstrap.php(64): CApplication->run()
#3 C:\wamp\www\public\projetcool\index.php(8): require_once('C:\wamp\www\pro...')
#4 {main}
REQUEST_URI=/assets/30a1407e/css/bootstrap-responsive.css
HTTP_REFERER=http://projetcool.local/
---
2013/10/07 00:25:55 [error] [exception.CHttpException.404] exception 'CHttpException' with message 'Unable to resolve the request "assets/30a1407e/js/bootstrap.js".' in C:\wamp\www\projetcool\yii\framework\web\CWebApplication.php:286
Stack trace:
#0 C:\wamp\www\projetcool\yii\framework\web\CWebApplication.php(141): CWebApplication->runController('assets/30a1407e...')
#1 C:\wamp\www\projetcool\yii\framework\base\CApplication.php(180): CWebApplication->processRequest()
#2 C:\wamp\www\projetcool\bootstrap.php(64): CApplication->run()
#3 C:\wamp\www\public\projetcool\index.php(8): require_once('C:\wamp\www\pro...')
#4 {main}
REQUEST_URI=/assets/30a1407e/js/bootstrap.js
HTTP_REFERER=http://projetcool.local/
---
2013/10/07 00:25:55 [error] [exception.CHttpException.404] exception 'CHttpException' with message 'Unable to resolve the request "assets/30a1407e/css/yiistrap.css".' in C:\wamp\www\projetcool\yii\framework\web\CWebApplication.php:286
Stack trace:
#0 C:\wamp\www\projetcool\yii\framework\web\CWebApplication.php(141): CWebApplication->runController('assets/30a1407e...')
#1 C:\wamp\www\projetcool\yii\framework\base\CApplication.php(180): CWebApplication->processRequest()
#2 C:\wamp\www\projetcool\bootstrap.php(64): CApplication->run()
#3 C:\wamp\www\public\projetcool\index.php(8): require_once('C:\wamp\www\pro...')
#4 {main}
REQUEST_URI=/assets/30a1407e/css/yiistrap.css
HTTP_REFERER=http://projetcool.local/
---
2013/10/07 00:25:55 [error] [exception.CHttpException.404] exception 'CHttpException' with message 'Unable to resolve the request "assets/30a1407e/css/yiistrap.css".' in C:\wamp\www\projetcool\yii\framework\web\CWebApplication.php:286
Stack trace:
#0 C:\wamp\www\projetcool\yii\framework\web\CWebApplication.php(141): CWebApplication->runController('assets/30a1407e...')
#1 C:\wamp\www\projetcool\yii\framework\base\CApplication.php(180): CWebApplication->processRequest()
#2 C:\wamp\www\projetcool\bootstrap.php(64): CApplication->run()
#3 C:\wamp\www\public\projetcool\index.php(8): require_once('C:\wamp\www\pro...')
#4 {main}
REQUEST_URI=/assets/30a1407e/css/yiistrap.css
HTTP_REFERER=http://projetcool.local/
---
2013/10/07 00:25:55 [error] [exception.CHttpException.404] exception 'CHttpException' with message 'Unable to resolve the request "assets/30a1407e/css/bootstrap.css".' in C:\wamp\www\projetcool\yii\framework\web\CWebApplication.php:286
Stack trace:
#0 C:\wamp\www\projetcool\yii\framework\web\CWebApplication.php(141): CWebApplication->runController('assets/30a1407e...')
#1 C:\wamp\www\projetcool\yii\framework\base\CApplication.php(180): CWebApplication->processRequest()
#2 C:\wamp\www\projetcool\bootstrap.php(64): CApplication->run()
#3 C:\wamp\www\public\projetcool\index.php(8): require_once('C:\wamp\www\pro...')
#4 {main}
REQUEST_URI=/assets/30a1407e/css/bootstrap.css
HTTP_REFERER=http://projetcool.local/
---
2013/10/07 00:25:55 [error] [exception.CHttpException.404] exception 'CHttpException' with message 'Unable to resolve the request "assets/30a1407e/css/bootstrap.css".' in C:\wamp\www\projetcool\yii\framework\web\CWebApplication.php:286
Stack trace:
#0 C:\wamp\www\projetcool\yii\framework\web\CWebApplication.php(141): CWebApplication->runController('assets/30a1407e...')
#1 C:\wamp\www\projetcool\yii\framework\base\CApplication.php(180): CWebApplication->processRequest()
#2 C:\wamp\www\projetcool\bootstrap.php(64): CApplication->run()
#3 C:\wamp\www\public\projetcool\index.php(8): require_once('C:\wamp\www\pro...')
#4 {main}
REQUEST_URI=/assets/30a1407e/css/bootstrap.css
HTTP_REFERER=http://projetcool.local/
---
2013/10/07 00:30:04 [error] [exception.CException] exception 'CException' with message 'Theme directory "C:\wamp\www\public\projetcool\themes" does not exist.' in C:\wamp\www\projetcool\yii\framework\web\CThemeManager.php:110
Stack trace:
#0 C:\wamp\www\projetcool\yii\framework\web\CThemeManager.php(98): CThemeManager->setBasePath('C:\wamp\www\pub...')
#1 C:\wamp\www\projetcool\yii\framework\web\CThemeManager.php(60): CThemeManager->getBasePath()
#2 C:\wamp\www\projetcool\yii\framework\web\CWebApplication.php(257): CThemeManager->getTheme('bootstrap')
#3 C:\wamp\www\projetcool\yii\framework\web\CController.php(586): CWebApplication->getTheme()
#4 C:\wamp\www\projetcool\yii\framework\web\CController.php(867): CController->getViewFile('index')
#5 C:\wamp\www\projetcool\yii\framework\web\CController.php(782): CController->renderPartial('index', Array, true)
#6 C:\wamp\www\projetcool\projetcool\controllers\PublicController.php(9): CController->render('index', Array)
#7 C:\wamp\www\projetcool\yii\framework\web\actions\CInlineAction.php(49): PublicController->actionIndex()
#8 C:\wamp\www\projetcool\yii\framework\web\CController.php(308): CInlineAction->runWithParams(Array)
#9 C:\wamp\www\projetcool\yii\framework\web\CController.php(286): CController->runAction(Object(CInlineAction))
#10 C:\wamp\www\projetcool\yii\framework\web\CController.php(265): CController->runActionWithFilters(Object(CInlineAction), Array)
#11 C:\wamp\www\projetcool\yii\framework\web\CWebApplication.php(282): CController->run('index')
#12 C:\wamp\www\projetcool\yii\framework\web\CWebApplication.php(141): CWebApplication->runController('public/index')
#13 C:\wamp\www\projetcool\yii\framework\base\CApplication.php(180): CWebApplication->processRequest()
#14 C:\wamp\www\projetcool\bootstrap.php(64): CApplication->run()
#15 C:\wamp\www\public\projetcool\index.php(8): require_once('C:\wamp\www\pro...')
#16 {main}
REQUEST_URI=/
---
2013/10/07 00:30:04 [error] [exception.CException] exception 'CException' with message 'Theme directory "C:\wamp\www\public\projetcool\themes" does not exist.' in C:\wamp\www\projetcool\yii\framework\web\CThemeManager.php:110
Stack trace:
#0 C:\wamp\www\projetcool\yii\framework\web\CThemeManager.php(98): CThemeManager->setBasePath('C:\wamp\www\pub...')
#1 C:\wamp\www\projetcool\yii\framework\web\CThemeManager.php(60): CThemeManager->getBasePath()
#2 C:\wamp\www\projetcool\yii\framework\web\CWebApplication.php(257): CThemeManager->getTheme('bootstrap')
#3 C:\wamp\www\projetcool\yii\framework\web\CController.php(586): CWebApplication->getTheme()
#4 C:\wamp\www\projetcool\yii\framework\web\CController.php(867): CController->getViewFile('index')
#5 C:\wamp\www\projetcool\yii\framework\web\CController.php(782): CController->renderPartial('index', Array, true)
#6 C:\wamp\www\projetcool\projetcool\controllers\PublicController.php(9): CController->render('index', Array)
#7 C:\wamp\www\projetcool\yii\framework\web\actions\CInlineAction.php(49): PublicController->actionIndex()
#8 C:\wamp\www\projetcool\yii\framework\web\CController.php(308): CInlineAction->runWithParams(Array)
#9 C:\wamp\www\projetcool\yii\framework\web\CController.php(286): CController->runAction(Object(CInlineAction))
#10 C:\wamp\www\projetcool\yii\framework\web\CController.php(265): CController->runActionWithFilters(Object(CInlineAction), Array)
#11 C:\wamp\www\projetcool\yii\framework\web\CWebApplication.php(282): CController->run('index')
#12 C:\wamp\www\projetcool\yii\framework\web\CWebApplication.php(141): CWebApplication->runController('public/index')
#13 C:\wamp\www\projetcool\yii\framework\base\CApplication.php(180): CWebApplication->processRequest()
#14 C:\wamp\www\projetcool\bootstrap.php(64): CApplication->run()
#15 C:\wamp\www\public\projetcool\index.php(8): require_once('C:\wamp\www\pro...')
#16 {main}
REQUEST_URI=/
---
2013/10/07 00:30:37 [error] [exception.CException] exception 'CException' with message 'Theme directory "C:\wamp\www\public\projetcool\themes" does not exist.' in C:\wamp\www\projetcool\yii\framework\web\CThemeManager.php:110
Stack trace:
#0 C:\wamp\www\projetcool\yii\framework\web\CThemeManager.php(98): CThemeManager->setBasePath('C:\wamp\www\pub...')
#1 C:\wamp\www\projetcool\yii\framework\web\CThemeManager.php(60): CThemeManager->getBasePath()
#2 C:\wamp\www\projetcool\yii\framework\web\CWebApplication.php(257): CThemeManager->getTheme('bootstrap')
#3 C:\wamp\www\projetcool\yii\framework\web\CController.php(586): CWebApplication->getTheme()
#4 C:\wamp\www\projetcool\yii\framework\web\CController.php(867): CController->getViewFile('index')
#5 C:\wamp\www\projetcool\yii\framework\web\CController.php(782): CController->renderPartial('index', Array, true)
#6 C:\wamp\www\projetcool\projetcool\controllers\PublicController.php(9): CController->render('index', Array)
#7 C:\wamp\www\projetcool\yii\framework\web\actions\CInlineAction.php(49): PublicController->actionIndex()
#8 C:\wamp\www\projetcool\yii\framework\web\CController.php(308): CInlineAction->runWithParams(Array)
#9 C:\wamp\www\projetcool\yii\framework\web\CController.php(286): CController->runAction(Object(CInlineAction))
#10 C:\wamp\www\projetcool\yii\framework\web\CController.php(265): CController->runActionWithFilters(Object(CInlineAction), Array)
#11 C:\wamp\www\projetcool\yii\framework\web\CWebApplication.php(282): CController->run('index')
#12 C:\wamp\www\projetcool\yii\framework\web\CWebApplication.php(141): CWebApplication->runController('public/index')
#13 C:\wamp\www\projetcool\yii\framework\base\CApplication.php(180): CWebApplication->processRequest()
#14 C:\wamp\www\projetcool\bootstrap.php(64): CApplication->run()
#15 C:\wamp\www\public\projetcool\index.php(8): require_once('C:\wamp\www\pro...')
#16 {main}
REQUEST_URI=/
---
2013/10/07 00:30:37 [error] [exception.CException] exception 'CException' with message 'Theme directory "C:\wamp\www\public\projetcool\themes" does not exist.' in C:\wamp\www\projetcool\yii\framework\web\CThemeManager.php:110
Stack trace:
#0 C:\wamp\www\projetcool\yii\framework\web\CThemeManager.php(98): CThemeManager->setBasePath('C:\wamp\www\pub...')
#1 C:\wamp\www\projetcool\yii\framework\web\CThemeManager.php(60): CThemeManager->getBasePath()
#2 C:\wamp\www\projetcool\yii\framework\web\CWebApplication.php(257): CThemeManager->getTheme('bootstrap')
#3 C:\wamp\www\projetcool\yii\framework\web\CController.php(586): CWebApplication->getTheme()
#4 C:\wamp\www\projetcool\yii\framework\web\CController.php(867): CController->getViewFile('index')
#5 C:\wamp\www\projetcool\yii\framework\web\CController.php(782): CController->renderPartial('index', Array, true)
#6 C:\wamp\www\projetcool\projetcool\controllers\PublicController.php(9): CController->render('index', Array)
#7 C:\wamp\www\projetcool\yii\framework\web\actions\CInlineAction.php(49): PublicController->actionIndex()
#8 C:\wamp\www\projetcool\yii\framework\web\CController.php(308): CInlineAction->runWithParams(Array)
#9 C:\wamp\www\projetcool\yii\framework\web\CController.php(286): CController->runAction(Object(CInlineAction))
#10 C:\wamp\www\projetcool\yii\framework\web\CController.php(265): CController->runActionWithFilters(Object(CInlineAction), Array)
#11 C:\wamp\www\projetcool\yii\framework\web\CWebApplication.php(282): CController->run('index')
#12 C:\wamp\www\projetcool\yii\framework\web\CWebApplication.php(141): CWebApplication->runController('public/index')
#13 C:\wamp\www\projetcool\yii\framework\base\CApplication.php(180): CWebApplication->processRequest()
#14 C:\wamp\www\projetcool\bootstrap.php(64): CApplication->run()
#15 C:\wamp\www\public\projetcool\index.php(8): require_once('C:\wamp\www\pro...')
#16 {main}
REQUEST_URI=/
---
2013/10/07 00:31:08 [error] [php] include(C:\wamp\www\projetcool\projetcool\ext\bootstrap\helpers\TbHtml.php) [<a href='function.include'>function.include</a>]: failed to open stream: No such file or directory (C:\wamp\www\projetcool\yii\framework\YiiBase.php:401)
Stack trace:
#0 C:\wamp\www\projetcool\projetcool\views\public\index.php(12): spl_autoload_call()
#1 C:\wamp\www\projetcool\yii\framework\web\CBaseController.php(126): require()
#2 C:\wamp\www\projetcool\yii\framework\web\CBaseController.php(95): PublicController->renderInternal()
#3 C:\wamp\www\projetcool\yii\framework\web\CController.php(869): PublicController->renderFile()
#4 C:\wamp\www\projetcool\yii\framework\web\CController.php(782): PublicController->renderPartial()
#5 C:\wamp\www\projetcool\projetcool\controllers\PublicController.php(9): PublicController->render()
#6 C:\wamp\www\projetcool\yii\framework\web\actions\CInlineAction.php(49): PublicController->actionIndex()
#7 C:\wamp\www\projetcool\yii\framework\web\CController.php(308): CInlineAction->runWithParams()
#8 C:\wamp\www\projetcool\yii\framework\web\CController.php(286): PublicController->runAction()
#9 C:\wamp\www\projetcool\yii\framework\web\CController.php(265): PublicController->runActionWithFilters()
#10 C:\wamp\www\projetcool\yii\framework\web\CWebApplication.php(282): PublicController->run()
#11 C:\wamp\www\projetcool\yii\framework\web\CWebApplication.php(141): EWebApplication->runController()
#12 C:\wamp\www\projetcool\yii\framework\base\CApplication.php(180): EWebApplication->processRequest()
#13 C:\wamp\www\projetcool\bootstrap.php(64): EWebApplication->run()
#14 C:\wamp\www\public\projetcool\index.php(8): require_once()
REQUEST_URI=/
in C:\wamp\www\projetcool\projetcool\views\public\index.php (12)
in C:\wamp\www\projetcool\projetcool\controllers\PublicController.php (9)
in C:\wamp\www\projetcool\bootstrap.php (64)
2013/10/07 00:31:08 [error] [php] include(C:\wamp\www\projetcool\projetcool\ext\bootstrap\helpers\TbHtml.php) [<a href='function.include'>function.include</a>]: failed to open stream: No such file or directory (C:\wamp\www\projetcool\yii\framework\YiiBase.php:401)
Stack trace:
#0 C:\wamp\www\projetcool\projetcool\views\public\index.php(12): spl_autoload_call()
#1 C:\wamp\www\projetcool\yii\framework\web\CBaseController.php(126): require()
#2 C:\wamp\www\projetcool\yii\framework\web\CBaseController.php(95): PublicController->renderInternal()
#3 C:\wamp\www\projetcool\yii\framework\web\CController.php(869): PublicController->renderFile()
#4 C:\wamp\www\projetcool\yii\framework\web\CController.php(782): PublicController->renderPartial()
#5 C:\wamp\www\projetcool\projetcool\controllers\PublicController.php(9): PublicController->render()
#6 C:\wamp\www\projetcool\yii\framework\web\actions\CInlineAction.php(49): PublicController->actionIndex()
#7 C:\wamp\www\projetcool\yii\framework\web\CController.php(308): CInlineAction->runWithParams()
#8 C:\wamp\www\projetcool\yii\framework\web\CController.php(286): PublicController->runAction()
#9 C:\wamp\www\projetcool\yii\framework\web\CController.php(265): PublicController->runActionWithFilters()
#10 C:\wamp\www\projetcool\yii\framework\web\CWebApplication.php(282): PublicController->run()
#11 C:\wamp\www\projetcool\yii\framework\web\CWebApplication.php(141): EWebApplication->runController()
#12 C:\wamp\www\projetcool\yii\framework\base\CApplication.php(180): EWebApplication->processRequest()
#13 C:\wamp\www\projetcool\bootstrap.php(64): EWebApplication->run()
#14 C:\wamp\www\public\projetcool\index.php(8): require_once()
REQUEST_URI=/
in C:\wamp\www\projetcool\projetcool\views\public\index.php (12)
in C:\wamp\www\projetcool\projetcool\controllers\PublicController.php (9)
in C:\wamp\www\projetcool\bootstrap.php (64)
2013/10/07 00:31:18 [error] [php] include(C:\wamp\www\projetcool\projetcool\ext\bootstrap\helpers\TbHtml.php) [<a href='function.include'>function.include</a>]: failed to open stream: No such file or directory (C:\wamp\www\projetcool\yii\framework\YiiBase.php:401)
Stack trace:
#0 C:\wamp\www\projetcool\projetcool\views\public\index.php(12): spl_autoload_call()
#1 C:\wamp\www\projetcool\yii\framework\web\CBaseController.php(126): require()
#2 C:\wamp\www\projetcool\yii\framework\web\CBaseController.php(95): PublicController->renderInternal()
#3 C:\wamp\www\projetcool\yii\framework\web\CController.php(869): PublicController->renderFile()
#4 C:\wamp\www\projetcool\yii\framework\web\CController.php(782): PublicController->renderPartial()
#5 C:\wamp\www\projetcool\projetcool\controllers\PublicController.php(9): PublicController->render()
#6 C:\wamp\www\projetcool\yii\framework\web\actions\CInlineAction.php(49): PublicController->actionIndex()
#7 C:\wamp\www\projetcool\yii\framework\web\CController.php(308): CInlineAction->runWithParams()
#8 C:\wamp\www\projetcool\yii\framework\web\CController.php(286): PublicController->runAction()
#9 C:\wamp\www\projetcool\yii\framework\web\CController.php(265): PublicController->runActionWithFilters()
#10 C:\wamp\www\projetcool\yii\framework\web\CWebApplication.php(282): PublicController->run()
#11 C:\wamp\www\projetcool\yii\framework\web\CWebApplication.php(141): EWebApplication->runController()
#12 C:\wamp\www\projetcool\yii\framework\base\CApplication.php(180): EWebApplication->processRequest()
#13 C:\wamp\www\projetcool\bootstrap.php(64): EWebApplication->run()
#14 C:\wamp\www\public\projetcool\index.php(8): require_once()
REQUEST_URI=/
in C:\wamp\www\projetcool\projetcool\views\public\index.php (12)
in C:\wamp\www\projetcool\projetcool\controllers\PublicController.php (9)
in C:\wamp\www\projetcool\bootstrap.php (64)
2013/10/07 00:31:18 [error] [php] include(C:\wamp\www\projetcool\projetcool\ext\bootstrap\helpers\TbHtml.php) [<a href='function.include'>function.include</a>]: failed to open stream: No such file or directory (C:\wamp\www\projetcool\yii\framework\YiiBase.php:401)
Stack trace:
#0 C:\wamp\www\projetcool\projetcool\views\public\index.php(12): spl_autoload_call()
#1 C:\wamp\www\projetcool\yii\framework\web\CBaseController.php(126): require()
#2 C:\wamp\www\projetcool\yii\framework\web\CBaseController.php(95): PublicController->renderInternal()
#3 C:\wamp\www\projetcool\yii\framework\web\CController.php(869): PublicController->renderFile()
#4 C:\wamp\www\projetcool\yii\framework\web\CController.php(782): PublicController->renderPartial()
#5 C:\wamp\www\projetcool\projetcool\controllers\PublicController.php(9): PublicController->render()
#6 C:\wamp\www\projetcool\yii\framework\web\actions\CInlineAction.php(49): PublicController->actionIndex()
#7 C:\wamp\www\projetcool\yii\framework\web\CController.php(308): CInlineAction->runWithParams()
#8 C:\wamp\www\projetcool\yii\framework\web\CController.php(286): PublicController->runAction()
#9 C:\wamp\www\projetcool\yii\framework\web\CController.php(265): PublicController->runActionWithFilters()
#10 C:\wamp\www\projetcool\yii\framework\web\CWebApplication.php(282): PublicController->run()
#11 C:\wamp\www\projetcool\yii\framework\web\CWebApplication.php(141): EWebApplication->runController()
#12 C:\wamp\www\projetcool\yii\framework\base\CApplication.php(180): EWebApplication->processRequest()
#13 C:\wamp\www\projetcool\bootstrap.php(64): EWebApplication->run()
#14 C:\wamp\www\public\projetcool\index.php(8): require_once()
REQUEST_URI=/
in C:\wamp\www\projetcool\projetcool\views\public\index.php (12)
in C:\wamp\www\projetcool\projetcool\controllers\PublicController.php (9)
in C:\wamp\www\projetcool\bootstrap.php (64)
2013/10/07 00:31:18 [error] [exception.CHttpException.404] exception 'CHttpException' with message 'Unable to resolve the request "favicon.ico".' in C:\wamp\www\projetcool\yii\framework\web\CWebApplication.php:286
Stack trace:
#0 C:\wamp\www\projetcool\yii\framework\web\CWebApplication.php(141): CWebApplication->runController('favicon.ico')
#1 C:\wamp\www\projetcool\yii\framework\base\CApplication.php(180): CWebApplication->processRequest()
#2 C:\wamp\www\projetcool\bootstrap.php(64): CApplication->run()
#3 C:\wamp\www\public\projetcool\index.php(8): require_once('C:\wamp\www\pro...')
#4 {main}
REQUEST_URI=/favicon.ico
---
2013/10/07 00:31:18 [error] [exception.CHttpException.404] exception 'CHttpException' with message 'Unable to resolve the request "favicon.ico".' in C:\wamp\www\projetcool\yii\framework\web\CWebApplication.php:286
Stack trace:
#0 C:\wamp\www\projetcool\yii\framework\web\CWebApplication.php(141): CWebApplication->runController('favicon.ico')
#1 C:\wamp\www\projetcool\yii\framework\base\CApplication.php(180): CWebApplication->processRequest()
#2 C:\wamp\www\projetcool\bootstrap.php(64): CApplication->run()
#3 C:\wamp\www\public\projetcool\index.php(8): require_once('C:\wamp\www\pro...')
#4 {main}
REQUEST_URI=/favicon.ico
---
2013/10/07 00:31:42 [error] [php] include(TbHtml.php) [<a href='function.include'>function.include</a>]: failed to open stream: No such file or directory (C:\wamp\www\projetcool\yii\framework\YiiBase.php:427)
Stack trace:
#0 C:\wamp\www\projetcool\projetcool\views\public\index.php(12): spl_autoload_call()
#1 C:\wamp\www\projetcool\yii\framework\web\CBaseController.php(126): require()
#2 C:\wamp\www\projetcool\yii\framework\web\CBaseController.php(95): PublicController->renderInternal()
#3 C:\wamp\www\projetcool\yii\framework\web\CController.php(869): PublicController->renderFile()
#4 C:\wamp\www\projetcool\yii\framework\web\CController.php(782): PublicController->renderPartial()
#5 C:\wamp\www\projetcool\projetcool\controllers\PublicController.php(9): PublicController->render()
#6 C:\wamp\www\projetcool\yii\framework\web\actions\CInlineAction.php(49): PublicController->actionIndex()
#7 C:\wamp\www\projetcool\yii\framework\web\CController.php(308): CInlineAction->runWithParams()
#8 C:\wamp\www\projetcool\yii\framework\web\CController.php(286): PublicController->runAction()
#9 C:\wamp\www\projetcool\yii\framework\web\CController.php(265): PublicController->runActionWithFilters()
#10 C:\wamp\www\projetcool\yii\framework\web\CWebApplication.php(282): PublicController->run()
#11 C:\wamp\www\projetcool\yii\framework\web\CWebApplication.php(141): EWebApplication->runController()
#12 C:\wamp\www\projetcool\yii\framework\base\CApplication.php(180): EWebApplication->processRequest()
#13 C:\wamp\www\projetcool\bootstrap.php(64): EWebApplication->run()
#14 C:\wamp\www\public\projetcool\index.php(8): require_once()
REQUEST_URI=/
in C:\wamp\www\projetcool\projetcool\views\public\index.php (12)
in C:\wamp\www\projetcool\projetcool\controllers\PublicController.php (9)
in C:\wamp\www\projetcool\bootstrap.php (64)
2013/10/07 00:32:14 [error] [php] include(TbHtml.php) [<a href='function.include'>function.include</a>]: failed to open stream: No such file or directory (C:\wamp\www\projetcool\yii\framework\YiiBase.php:427)
Stack trace:
#0 C:\wamp\www\projetcool\projetcool\views\public\index.php(12): spl_autoload_call()
#1 C:\wamp\www\projetcool\yii\framework\web\CBaseController.php(126): require()
#2 C:\wamp\www\projetcool\yii\framework\web\CBaseController.php(95): PublicController->renderInternal()
#3 C:\wamp\www\projetcool\yii\framework\web\CController.php(869): PublicController->renderFile()
#4 C:\wamp\www\projetcool\yii\framework\web\CController.php(782): PublicController->renderPartial()
#5 C:\wamp\www\projetcool\projetcool\controllers\PublicController.php(9): PublicController->render()
#6 C:\wamp\www\projetcool\yii\framework\web\actions\CInlineAction.php(49): PublicController->actionIndex()
#7 C:\wamp\www\projetcool\yii\framework\web\CController.php(308): CInlineAction->runWithParams()
#8 C:\wamp\www\projetcool\yii\framework\web\CController.php(286): PublicController->runAction()
#9 C:\wamp\www\projetcool\yii\framework\web\CController.php(265): PublicController->runActionWithFilters()
#10 C:\wamp\www\projetcool\yii\framework\web\CWebApplication.php(282): PublicController->run()
#11 C:\wamp\www\projetcool\yii\framework\web\CWebApplication.php(141): EWebApplication->runController()
#12 C:\wamp\www\projetcool\yii\framework\base\CApplication.php(180): EWebApplication->processRequest()
#13 C:\wamp\www\projetcool\bootstrap.php(64): EWebApplication->run()
#14 C:\wamp\www\public\projetcool\index.php(8): require_once()
REQUEST_URI=/
in C:\wamp\www\projetcool\projetcool\views\public\index.php (12)
in C:\wamp\www\projetcool\projetcool\controllers\PublicController.php (9)
in C:\wamp\www\projetcool\bootstrap.php (64)
2013/10/07 00:32:17 [error] [php] include(TbHtml.php) [<a href='function.include'>function.include</a>]: failed to open stream: No such file or directory (C:\wamp\www\projetcool\yii\framework\YiiBase.php:427)
Stack trace:
#0 C:\wamp\www\projetcool\projetcool\views\public\index.php(12): spl_autoload_call()
#1 C:\wamp\www\projetcool\yii\framework\web\CBaseController.php(126): require()
#2 C:\wamp\www\projetcool\yii\framework\web\CBaseController.php(95): PublicController->renderInternal()
#3 C:\wamp\www\projetcool\yii\framework\web\CController.php(869): PublicController->renderFile()
#4 C:\wamp\www\projetcool\yii\framework\web\CController.php(782): PublicController->renderPartial()
#5 C:\wamp\www\projetcool\projetcool\controllers\PublicController.php(9): PublicController->render()
#6 C:\wamp\www\projetcool\yii\framework\web\actions\CInlineAction.php(49): PublicController->actionIndex()
#7 C:\wamp\www\projetcool\yii\framework\web\CController.php(308): CInlineAction->runWithParams()
#8 C:\wamp\www\projetcool\yii\framework\web\CController.php(286): PublicController->runAction()
#9 C:\wamp\www\projetcool\yii\framework\web\CController.php(265): PublicController->runActionWithFilters()
#10 C:\wamp\www\projetcool\yii\framework\web\CWebApplication.php(282): PublicController->run()
#11 C:\wamp\www\projetcool\yii\framework\web\CWebApplication.php(141): EWebApplication->runController()
#12 C:\wamp\www\projetcool\yii\framework\base\CApplication.php(180): EWebApplication->processRequest()
#13 C:\wamp\www\projetcool\bootstrap.php(64): EWebApplication->run()
#14 C:\wamp\www\public\projetcool\index.php(8): require_once()
REQUEST_URI=/
in C:\wamp\www\projetcool\projetcool\views\public\index.php (12)
in C:\wamp\www\projetcool\projetcool\controllers\PublicController.php (9)
in C:\wamp\www\projetcool\bootstrap.php (64)
2013/10/07 00:33:27 [error] [php] include(TbHtml.php) [<a href='function.include'>function.include</a>]: failed to open stream: No such file or directory (C:\wamp\www\projetcool\yii\framework\YiiBase.php:427)
Stack trace:
#0 C:\wamp\www\projetcool\projetcool\views\public\index.php(12): spl_autoload_call()
#1 C:\wamp\www\projetcool\yii\framework\web\CBaseController.php(126): require()
#2 C:\wamp\www\projetcool\yii\framework\web\CBaseController.php(95): PublicController->renderInternal()
#3 C:\wamp\www\projetcool\yii\framework\web\CController.php(869): PublicController->renderFile()
#4 C:\wamp\www\projetcool\yii\framework\web\CController.php(782): PublicController->renderPartial()
#5 C:\wamp\www\projetcool\projetcool\controllers\PublicController.php(9): PublicController->render()
#6 C:\wamp\www\projetcool\yii\framework\web\actions\CInlineAction.php(49): PublicController->actionIndex()
#7 C:\wamp\www\projetcool\yii\framework\web\CController.php(308): CInlineAction->runWithParams()
#8 C:\wamp\www\projetcool\yii\framework\web\CController.php(286): PublicController->runAction()
#9 C:\wamp\www\projetcool\yii\framework\web\CController.php(265): PublicController->runActionWithFilters()
#10 C:\wamp\www\projetcool\yii\framework\web\CWebApplication.php(282): PublicController->run()
#11 C:\wamp\www\projetcool\yii\framework\web\CWebApplication.php(141): EWebApplication->runController()
#12 C:\wamp\www\projetcool\yii\framework\base\CApplication.php(180): EWebApplication->processRequest()
#13 C:\wamp\www\projetcool\bootstrap.php(64): EWebApplication->run()
#14 C:\wamp\www\public\projetcool\index.php(8): require_once()
REQUEST_URI=/
in C:\wamp\www\projetcool\projetcool\views\public\index.php (12)
in C:\wamp\www\projetcool\projetcool\controllers\PublicController.php (9)
in C:\wamp\www\projetcool\bootstrap.php (64)
2013/10/07 00:36:44 [error] [exception.CHttpException.404] exception 'CHttpException' with message 'Unable to resolve the request "assets/lib/bootstrap/less/mixins.less".' in C:\wamp\www\projetcool\yii\framework\web\CWebApplication.php:286
Stack trace:
#0 C:\wamp\www\projetcool\yii\framework\web\CWebApplication.php(141): CWebApplication->runController('assets/lib/boot...')
#1 C:\wamp\www\projetcool\yii\framework\base\CApplication.php(180): CWebApplication->processRequest()
#2 C:\wamp\www\projetcool\bootstrap.php(64): CApplication->run()
#3 C:\wamp\www\public\projetcool\index.php(8): require_once('C:\wamp\www\pro...')
#4 {main}
REQUEST_URI=/assets/lib/bootstrap/less/mixins.less
HTTP_REFERER=http://projetcool.local/
---
2013/10/07 00:38:14 [error] [exception.CHttpException.404] exception 'CHttpException' with message 'Unable to resolve the request "assets/lib/bootstrap/less/mixins.less".' in C:\wamp\www\projetcool\yii\framework\web\CWebApplication.php:286
Stack trace:
#0 C:\wamp\www\projetcool\yii\framework\web\CWebApplication.php(141): CWebApplication->runController('assets/lib/boot...')
#1 C:\wamp\www\projetcool\yii\framework\base\CApplication.php(180): CWebApplication->processRequest()
#2 C:\wamp\www\projetcool\bootstrap.php(64): CApplication->run()
#3 C:\wamp\www\public\projetcool\index.php(8): require_once('C:\wamp\www\pro...')
#4 {main}
REQUEST_URI=/assets/lib/bootstrap/less/mixins.less
HTTP_REFERER=http://projetcool.local/
---
2013/10/07 00:38:21 [error] [exception.CHttpException.404] exception 'CHttpException' with message 'Unable to resolve the request "assets/lib/bootstrap/less/mixins.less".' in C:\wamp\www\projetcool\yii\framework\web\CWebApplication.php:286
Stack trace:
#0 C:\wamp\www\projetcool\yii\framework\web\CWebApplication.php(141): CWebApplication->runController('assets/lib/boot...')
#1 C:\wamp\www\projetcool\yii\framework\base\CApplication.php(180): CWebApplication->processRequest()
#2 C:\wamp\www\projetcool\bootstrap.php(64): CApplication->run()
#3 C:\wamp\www\public\projetcool\index.php(8): require_once('C:\wamp\www\pro...')
#4 {main}
REQUEST_URI=/assets/lib/bootstrap/less/mixins.less
HTTP_REFERER=http://projetcool.local/
---
2013/10/07 00:40:55 [error] [exception.CHttpException.404] exception 'CHttpException' with message 'Unable to resolve the request "assets/lib/bootstrap/less/mixins.less".' in C:\wamp\www\projetcool\yii\framework\web\CWebApplication.php:286
Stack trace:
#0 C:\wamp\www\projetcool\yii\framework\web\CWebApplication.php(141): CWebApplication->runController('assets/lib/boot...')
#1 C:\wamp\www\projetcool\yii\framework\base\CApplication.php(180): CWebApplication->processRequest()
#2 C:\wamp\www\projetcool\bootstrap.php(64): CApplication->run()
#3 C:\wamp\www\public\projetcool\index.php(8): require_once('C:\wamp\www\pro...')
#4 {main}
REQUEST_URI=/assets/lib/bootstrap/less/mixins.less
HTTP_REFERER=http://projetcool.local/
---
2013/10/07 00:41:10 [error] [exception.CHttpException.404] exception 'CHttpException' with message 'Unable to resolve the request "assets/lib/bootstrap/less/mixins.less".' in C:\wamp\www\projetcool\yii\framework\web\CWebApplication.php:286
Stack trace:
#0 C:\wamp\www\projetcool\yii\framework\web\CWebApplication.php(141): CWebApplication->runController('assets/lib/boot...')
#1 C:\wamp\www\projetcool\yii\framework\base\CApplication.php(180): CWebApplication->processRequest()
#2 C:\wamp\www\projetcool\bootstrap.php(64): CApplication->run()
#3 C:\wamp\www\public\projetcool\index.php(8): require_once('C:\wamp\www\pro...')
#4 {main}
REQUEST_URI=/assets/lib/bootstrap/less/mixins.less
HTTP_REFERER=http://projetcool.local/
---
2013/10/07 00:42:39 [error] [exception.CHttpException.404] exception 'CHttpException' with message 'Unable to resolve the request "assets/lib/bootstrap/less/mixins.less".' in C:\wamp\www\projetcool\yii\framework\web\CWebApplication.php:286
Stack trace:
#0 C:\wamp\www\projetcool\yii\framework\web\CWebApplication.php(141): CWebApplication->runController('assets/lib/boot...')
#1 C:\wamp\www\projetcool\yii\framework\base\CApplication.php(180): CWebApplication->processRequest()
#2 C:\wamp\www\projetcool\bootstrap.php(64): CApplication->run()
#3 C:\wamp\www\public\projetcool\index.php(8): require_once('C:\wamp\www\pro...')
#4 {main}
REQUEST_URI=/assets/lib/bootstrap/less/mixins.less
HTTP_REFERER=http://projetcool.local/
---
2013/10/07 00:43:12 [error] [exception.CHttpException.404] exception 'CHttpException' with message 'Unable to resolve the request "assets/lib/bootstrap/less/mixins.less".' in C:\wamp\www\projetcool\yii\framework\web\CWebApplication.php:286
Stack trace:
#0 C:\wamp\www\projetcool\yii\framework\web\CWebApplication.php(141): CWebApplication->runController('assets/lib/boot...')
#1 C:\wamp\www\projetcool\yii\framework\base\CApplication.php(180): CWebApplication->processRequest()
#2 C:\wamp\www\projetcool\bootstrap.php(64): CApplication->run()
#3 C:\wamp\www\public\projetcool\index.php(8): require_once('C:\wamp\www\pro...')
#4 {main}
REQUEST_URI=/assets/lib/bootstrap/less/mixins.less
HTTP_REFERER=http://projetcool.local/
---
2013/10/07 00:44:34 [error] [exception.CHttpException.404] exception 'CHttpException' with message 'Unable to resolve the request "assets/lib/bootstrap/less/mixins.less".' in C:\wamp\www\projetcool\yii\framework\web\CWebApplication.php:286
Stack trace:
#0 C:\wamp\www\projetcool\yii\framework\web\CWebApplication.php(141): CWebApplication->runController('assets/lib/boot...')
#1 C:\wamp\www\projetcool\yii\framework\base\CApplication.php(180): CWebApplication->processRequest()
#2 C:\wamp\www\projetcool\bootstrap.php(64): CApplication->run()
#3 C:\wamp\www\public\projetcool\index.php(8): require_once('C:\wamp\www\pro...')
#4 {main}
REQUEST_URI=/assets/lib/bootstrap/less/mixins.less
HTTP_REFERER=http://projetcool.local/
---
2013/10/07 00:44:53 [error] [exception.CHttpException.404] exception 'CHttpException' with message 'Unable to resolve the request "assets/lib/bootstrap/less/mixins.less".' in C:\wamp\www\projetcool\yii\framework\web\CWebApplication.php:286
Stack trace:
#0 C:\wamp\www\projetcool\yii\framework\web\CWebApplication.php(141): CWebApplication->runController('assets/lib/boot...')
#1 C:\wamp\www\projetcool\yii\framework\base\CApplication.php(180): CWebApplication->processRequest()
#2 C:\wamp\www\projetcool\bootstrap.php(64): CApplication->run()
#3 C:\wamp\www\public\projetcool\index.php(8): require_once('C:\wamp\www\pro...')
#4 {main}
REQUEST_URI=/assets/lib/bootstrap/less/mixins.less
HTTP_REFERER=http://projetcool.local/
---
2013/10/07 00:45:37 [error] [exception.CHttpException.404] exception 'CHttpException' with message 'Unable to resolve the request "assets/lib/bootstrap/less/mixins.less".' in C:\wamp\www\projetcool\yii\framework\web\CWebApplication.php:286
Stack trace:
#0 C:\wamp\www\projetcool\yii\framework\web\CWebApplication.php(141): CWebApplication->runController('assets/lib/boot...')
#1 C:\wamp\www\projetcool\yii\framework\base\CApplication.php(180): CWebApplication->processRequest()
#2 C:\wamp\www\projetcool\bootstrap.php(64): CApplication->run()
#3 C:\wamp\www\public\projetcool\index.php(8): require_once('C:\wamp\www\pro...')
#4 {main}
REQUEST_URI=/assets/lib/bootstrap/less/mixins.less
HTTP_REFERER=http://projetcool.local/
---
2013/10/07 00:46:55 [error] [exception.CHttpException.404] exception 'CHttpException' with message 'Unable to resolve the request "assets/lib/bootstrap/less/mixins.less".' in C:\wamp\www\projetcool\yii\framework\web\CWebApplication.php:286
Stack trace:
#0 C:\wamp\www\projetcool\yii\framework\web\CWebApplication.php(141): CWebApplication->runController('assets/lib/boot...')
#1 C:\wamp\www\projetcool\yii\framework\base\CApplication.php(180): CWebApplication->processRequest()
#2 C:\wamp\www\projetcool\bootstrap.php(64): CApplication->run()
#3 C:\wamp\www\public\projetcool\index.php(8): require_once('C:\wamp\www\pro...')
#4 {main}
REQUEST_URI=/assets/lib/bootstrap/less/mixins.less
HTTP_REFERER=http://projetcool.local/
---
2013/10/07 00:48:04 [error] [exception.CHttpException.404] exception 'CHttpException' with message 'Unable to resolve the request "assets/lib/bootstrap/less/mixins.less".' in C:\wamp\www\projetcool\yii\framework\web\CWebApplication.php:286
Stack trace:
#0 C:\wamp\www\projetcool\yii\framework\web\CWebApplication.php(141): CWebApplication->runController('assets/lib/boot...')
#1 C:\wamp\www\projetcool\yii\framework\base\CApplication.php(180): CWebApplication->processRequest()
#2 C:\wamp\www\projetcool\bootstrap.php(64): CApplication->run()
#3 C:\wamp\www\public\projetcool\index.php(8): require_once('C:\wamp\www\pro...')
#4 {main}
REQUEST_URI=/assets/lib/bootstrap/less/mixins.less
HTTP_REFERER=http://projetcool.local/
---
2013/10/07 00:48:22 [error] [exception.CHttpException.404] exception 'CHttpException' with message 'Unable to resolve the request "assets/lib/bootstrap/less/mixins.less".' in C:\wamp\www\projetcool\yii\framework\web\CWebApplication.php:286
Stack trace:
#0 C:\wamp\www\projetcool\yii\framework\web\CWebApplication.php(141): CWebApplication->runController('assets/lib/boot...')
#1 C:\wamp\www\projetcool\yii\framework\base\CApplication.php(180): CWebApplication->processRequest()
#2 C:\wamp\www\projetcool\bootstrap.php(64): CApplication->run()
#3 C:\wamp\www\public\projetcool\index.php(8): require_once('C:\wamp\www\pro...')
#4 {main}
REQUEST_URI=/assets/lib/bootstrap/less/mixins.less
HTTP_REFERER=http://projetcool.local/
---
2013/10/07 00:52:20 [error] [exception.CHttpException.404] exception 'CHttpException' with message 'Unable to resolve the request "assets/lib/bootstrap/less/mixins.less".' in C:\wamp\www\projetcool\yii\framework\web\CWebApplication.php:286
Stack trace:
#0 C:\wamp\www\projetcool\yii\framework\web\CWebApplication.php(141): CWebApplication->runController('assets/lib/boot...')
#1 C:\wamp\www\projetcool\yii\framework\base\CApplication.php(180): CWebApplication->processRequest()
#2 C:\wamp\www\projetcool\bootstrap.php(64): CApplication->run()
#3 C:\wamp\www\public\projetcool\index.php(8): require_once('C:\wamp\www\pro...')
#4 {main}
REQUEST_URI=/assets/lib/bootstrap/less/mixins.less
HTTP_REFERER=http://projetcool.local/
---
2013/10/07 00:52:32 [error] [exception.CHttpException.404] exception 'CHttpException' with message 'Unable to resolve the request "assets/lib/bootstrap/less/mixins.less".' in C:\wamp\www\projetcool\yii\framework\web\CWebApplication.php:286
Stack trace:
#0 C:\wamp\www\projetcool\yii\framework\web\CWebApplication.php(141): CWebApplication->runController('assets/lib/boot...')
#1 C:\wamp\www\projetcool\yii\framework\base\CApplication.php(180): CWebApplication->processRequest()
#2 C:\wamp\www\projetcool\bootstrap.php(64): CApplication->run()
#3 C:\wamp\www\public\projetcool\index.php(8): require_once('C:\wamp\www\pro...')
#4 {main}
REQUEST_URI=/assets/lib/bootstrap/less/mixins.less
HTTP_REFERER=http://projetcool.local/
---
2013/10/07 00:57:11 [error] [php] include(LoginForm.php) [<a href='function.include'>function.include</a>]: failed to open stream: No such file or directory (C:\wamp\www\projetcool\yii\framework\YiiBase.php:427)
Stack trace:
#0 C:\wamp\www\projetcool\projetcool\controllers\PublicController.php(8): spl_autoload_call()
#1 C:\wamp\www\projetcool\yii\framework\web\actions\CInlineAction.php(49): PublicController->actionIndex()
#2 C:\wamp\www\projetcool\yii\framework\web\CController.php(308): CInlineAction->runWithParams()
#3 C:\wamp\www\projetcool\yii\framework\web\CController.php(286): PublicController->runAction()
#4 C:\wamp\www\projetcool\yii\framework\web\CController.php(265): PublicController->runActionWithFilters()
#5 C:\wamp\www\projetcool\yii\framework\web\CWebApplication.php(282): PublicController->run()
#6 C:\wamp\www\projetcool\yii\framework\web\CWebApplication.php(141): EWebApplication->runController()
#7 C:\wamp\www\projetcool\yii\framework\base\CApplication.php(180): EWebApplication->processRequest()
#8 C:\wamp\www\projetcool\bootstrap.php(64): EWebApplication->run()
#9 C:\wamp\www\public\projetcool\index.php(8): require_once()
REQUEST_URI=/
in C:\wamp\www\projetcool\projetcool\controllers\PublicController.php (8)
in C:\wamp\www\projetcool\bootstrap.php (64)
in C:\wamp\www\public\projetcool\index.php (8)
2013/10/07 00:57:44 [error] [exception.CException] exception 'CException' with message 'Property "LoginForm.rememberMe" is not defined.' in C:\wamp\www\projetcool\yii\framework\base\CComponent.php:130
Stack trace:
#0 C:\wamp\www\projetcool\projetcool\models\form\LoginForm.php(55): CComponent->__get('rememberMe')
#1 C:\wamp\www\projetcool\projetcool\controllers\PublicController.php(11): LoginForm->login()
#2 C:\wamp\www\projetcool\yii\framework\web\actions\CInlineAction.php(49): PublicController->actionIndex()
#3 C:\wamp\www\projetcool\yii\framework\web\CController.php(308): CInlineAction->runWithParams(Array)
#4 C:\wamp\www\projetcool\yii\framework\web\CController.php(286): CController->runAction(Object(CInlineAction))
#5 C:\wamp\www\projetcool\yii\framework\web\CController.php(265): CController->runActionWithFilters(Object(CInlineAction), Array)
#6 C:\wamp\www\projetcool\yii\framework\web\CWebApplication.php(282): CController->run('index')
#7 C:\wamp\www\projetcool\yii\framework\web\CWebApplication.php(141): CWebApplication->runController('public/index')
#8 C:\wamp\www\projetcool\yii\framework\base\CApplication.php(180): CWebApplication->processRequest()
#9 C:\wamp\www\projetcool\bootstrap.php(64): CApplication->run()
#10 C:\wamp\www\public\projetcool\index.php(8): require_once('C:\wamp\www\pro...')
#11 {main}
REQUEST_URI=/
HTTP_REFERER=http://projetcool.local/
---
2013/10/07 00:58:21 [error] [exception.CException] exception 'CException' with message 'DashboardController cannot find the requested view "index".' in C:\wamp\www\projetcool\yii\framework\web\CController.php:878
Stack trace:
#0 C:\wamp\www\projetcool\yii\framework\web\CController.php(782): CController->renderPartial('index', Array, true)
#1 C:\wamp\www\projetcool\projetcool\controllers\DashboardController.php(15): CController->render('index', Array)
#2 C:\wamp\www\projetcool\yii\framework\web\actions\CInlineAction.php(49): DashboardController->actionIndex()
#3 C:\wamp\www\projetcool\yii\framework\web\CController.php(308): CInlineAction->runWithParams(Array)
#4 C:\wamp\www\projetcool\yii\framework\web\CController.php(286): CController->runAction(Object(CInlineAction))
#5 C:\wamp\www\projetcool\yii\framework\web\CController.php(265): CController->runActionWithFilters(Object(CInlineAction), Array)
#6 C:\wamp\www\projetcool\yii\framework\web\CWebApplication.php(282): CController->run('')
#7 C:\wamp\www\projetcool\yii\framework\web\CWebApplication.php(141): CWebApplication->runController('dashboard')
#8 C:\wamp\www\projetcool\yii\framework\base\CApplication.php(180): CWebApplication->processRequest()
#9 C:\wamp\www\projetcool\bootstrap.php(64): CApplication->run()
#10 C:\wamp\www\public\projetcool\index.php(8): require_once('C:\wamp\www\pro...')
#11 {main}
REQUEST_URI=/dashboard
HTTP_REFERER=http://projetcool.local/
---
2013/10/07 12:25:57 [error] [exception.CHttpException.404] exception 'CHttpException' with message 'Unable to resolve the request "assets/lib/bootstrap/less/mixins.less".' in C:\wamp\www\projetcool\yii\framework\web\CWebApplication.php:286
Stack trace:
#0 C:\wamp\www\projetcool\yii\framework\web\CWebApplication.php(141): CWebApplication->runController('assets/lib/boot...')
#1 C:\wamp\www\projetcool\yii\framework\base\CApplication.php(180): CWebApplication->processRequest()
#2 C:\wamp\www\projetcool\bootstrap.php(64): CApplication->run()
#3 C:\wamp\www\public\projetcool\index.php(8): require_once('C:\wamp\www\pro...')
#4 {main}
REQUEST_URI=/assets/lib/bootstrap/less/mixins.less
HTTP_REFERER=http://projetcool.local/dashboard
---
